#
# There is insufficient memory for the Java Runtime Environment to continue.
# Native memory allocation (malloc) failed to allocate 1138560 bytes. Error detail: Chunk::new
# Possible reasons:
#   The system is out of physical RAM or swap space
#   This process is running with CompressedOops enabled, and the Java Heap may be blocking the growth of the native heap
# Possible solutions:
#   Reduce memory load on the system
#   Increase physical memory or swap space
#   Check if swap backing store is full
#   Decrease Java heap size (-Xmx/-Xms)
#   Decrease number of Java threads
#   Decrease Java thread stack sizes (-Xss)
#   Set larger code cache with -XX:ReservedCodeCacheSize=
#   JVM is running with Unscaled Compressed Oops mode in which the Java heap is
#     placed in the first 4GB address space. The Java Heap base address is the
#     maximum limit for the native heap growth. Please use -XX:HeapBaseMinAddress
#     to set the Java Heap base and to place the Java Heap above 4GB virtual address.
# This output file may be truncated or incomplete.
#
#  Out of Memory Error (arena.cpp:168), pid=11964, tid=14480
#
# JRE version: OpenJDK Runtime Environment (21.0.8) (build 21.0.8+-14196175-b1038.72)
# Java VM: OpenJDK 64-Bit Server VM (21.0.8+-14196175-b1038.72, mixed mode, tiered, compressed oops, compressed class ptrs, g1 gc, windows-amd64)
# No core dump will be written. Minidumps are not enabled by default on client versions of Windows
#

---------------  S U M M A R Y ------------

Command Line: git4idea.http.GitAskPassApp Username for 'https://github.com': 

Host: Intel(R) Core(TM) i5-4440 CPU @ 3.10GHz, 4 cores, 7G,  Windows 10 , 64 bit Build 19041 (10.0.19041.5915)
Time: Tue Nov 18 04:09:58 2025 elapsed time: 0.734674 seconds (0d 0h 0m 0s)

---------------  T H R E A D  ---------------

Current thread (0x00000205aa5b4b70):  JavaThread "C2 CompilerThread0" daemon [_thread_in_native, id=14480, stack(0x00000031efb00000,0x00000031efc00000) (1024K)]


Current CompileTask:
C2:734 1076       4       sun.security.ec.ECOperations::setDouble (463 bytes)

Stack: [0x00000031efb00000,0x00000031efc00000]
Native frames: (J=compiled Java code, j=interpreted, Vv=VM code, C=native code)
V  [jvm.dll+0x6d68d9]
V  [jvm.dll+0x866693]
V  [jvm.dll+0x868c4e]
V  [jvm.dll+0x869333]
V  [jvm.dll+0x280566]
V  [jvm.dll+0xc07cd]
V  [jvm.dll+0xc0d03]
V  [jvm.dll+0x3b961b]
V  [jvm.dll+0x1dfd12]
V  [jvm.dll+0x2493a4]
V  [jvm.dll+0x248821]
V  [jvm.dll+0x1c73a4]
V  [jvm.dll+0x257f9e]
V  [jvm.dll+0x2564e6]
V  [jvm.dll+0x3f4696]
V  [jvm.dll+0x80eac8]
V  [jvm.dll+0x6d512d]
C  [ucrtbase.dll+0x21bb2]
C  [KERNEL32.DLL+0x17374]
C  [ntdll.dll+0x4cc91]


---------------  P R O C E S S  ---------------

Threads class SMR info:
_java_thread_list=0x00000205af317c80, length=15, elements={
0x0000020593592cb0, 0x00000205aa595ed0, 0x00000205aa597d00, 0x00000205aa5c8810,
0x00000205aa5aecf0, 0x00000205aa5c9270, 0x00000205aa598760, 0x00000205aa599960,
0x00000205aa5b4b70, 0x00000205aa5ac0a0, 0x00000205aa75fe40, 0x00000205af1849d0,
0x00000205af0eb560, 0x00000205af36a960, 0x00000205af3d7190
}

Java Threads: ( => current thread )
  0x0000020593592cb0 JavaThread "main"                              [_thread_blocked, id=5720, stack(0x00000031eec00000,0x00000031eed00000) (1024K)]
  0x00000205aa595ed0 JavaThread "Common-Cleaner"             daemon [_thread_blocked, id=7016, stack(0x00000031ef400000,0x00000031ef500000) (1024K)]
  0x00000205aa597d00 JavaThread "Reference Handler"          daemon [_thread_blocked, id=13084, stack(0x00000031ef500000,0x00000031ef600000) (1024K)]
  0x00000205aa5c8810 JavaThread "Finalizer"                  daemon [_thread_blocked, id=9144, stack(0x00000031ef600000,0x00000031ef700000) (1024K)]
  0x00000205aa5aecf0 JavaThread "Signal Dispatcher"          daemon [_thread_blocked, id=1636, stack(0x00000031ef700000,0x00000031ef800000) (1024K)]
  0x00000205aa5c9270 JavaThread "Attach Listener"            daemon [_thread_blocked, id=12300, stack(0x00000031ef800000,0x00000031ef900000) (1024K)]
  0x00000205aa598760 JavaThread "Service Thread"             daemon [_thread_blocked, id=4712, stack(0x00000031ef900000,0x00000031efa00000) (1024K)]
  0x00000205aa599960 JavaThread "Monitor Deflation Thread"   daemon [_thread_blocked, id=2444, stack(0x00000031efa00000,0x00000031efb00000) (1024K)]
=>0x00000205aa5b4b70 JavaThread "C2 CompilerThread0"         daemon [_thread_in_native, id=14480, stack(0x00000031efb00000,0x00000031efc00000) (1024K)]
  0x00000205aa5ac0a0 JavaThread "C1 CompilerThread0"         daemon [_thread_blocked, id=1388, stack(0x00000031efc00000,0x00000031efd00000) (1024K)]
  0x00000205aa75fe40 JavaThread "Notification Thread"        daemon [_thread_blocked, id=11052, stack(0x00000031efd00000,0x00000031efe00000) (1024K)]
  0x00000205af1849d0 JavaThread "C2 CompilerThread1"         daemon [_thread_blocked, id=14544, stack(0x00000031efe00000,0x00000031eff00000) (1024K)]
  0x00000205af0eb560 JavaThread "HttpClient-1-SelectorManager" daemon [_thread_in_native, id=15116, stack(0x00000031eff00000,0x00000031f0000000) (1024K)]
  0x00000205af36a960 JavaThread "HttpClient-1-Worker-0"      daemon [_thread_blocked, id=6392, stack(0x00000031f0100000,0x00000031f0200000) (1024K)]
  0x00000205af3d7190 JavaThread "HttpClient-1-Worker-1"      daemon [_thread_blocked, id=1780, stack(0x00000031f0200000,0x00000031f0300000) (1024K)]
Total: 15

Other Threads:
  0x00000205aa3ddbb0 VMThread "VM Thread"                           [id=12440, stack(0x00000031ef300000,0x00000031ef400000) (1024K)]
  0x00000205aa381410 WatcherThread "VM Periodic Task Thread"        [id=2876, stack(0x00000031ef200000,0x00000031ef300000) (1024K)]
  0x00000205935df5e0 WorkerThread "GC Thread#0"                     [id=13944, stack(0x00000031eed00000,0x00000031eee00000) (1024K)]
  0x00000205af559950 WorkerThread "GC Thread#1"                     [id=9380, stack(0x00000031f0300000,0x00000031f0400000) (1024K)]
  0x00000205af7b98c0 WorkerThread "GC Thread#2"                     [id=3920, stack(0x00000031f0400000,0x00000031f0500000) (1024K)]
  0x00000205af4dc190 WorkerThread "GC Thread#3"                     [id=13016, stack(0x00000031f0500000,0x00000031f0600000) (1024K)]
  0x00000205935f05b0 ConcurrentGCThread "G1 Main Marker"            [id=2396, stack(0x00000031eee00000,0x00000031eef00000) (1024K)]
  0x00000205935f1850 WorkerThread "G1 Conc#0"                       [id=9276, stack(0x00000031eef00000,0x00000031ef000000) (1024K)]
  0x00000205aa2481c0 ConcurrentGCThread "G1 Refine#0"               [id=11592, stack(0x00000031ef000000,0x00000031ef100000) (1024K)]
  0x00000205aa248d30 ConcurrentGCThread "G1 Service"                [id=9460, stack(0x00000031ef100000,0x00000031ef200000) (1024K)]
Total: 10

Threads with active compile tasks:
C2 CompilerThread0  763 1076       4       sun.security.ec.ECOperations::setDouble (463 bytes)
Total: 1

VM state: not at safepoint (normal execution)

VM Mutex/Monitor currently owned by a thread: None

Heap address: 0x0000000080c00000, size: 2036 MB, Compressed Oops mode: 32-bit

CDS archive(s) not mapped
Compressed class space mapped at: 0x0000000100000000-0x0000000140000000, reserved size: 1073741824
Narrow klass base: 0x0000000000000000, Narrow klass shift: 3, Narrow klass range: 0x140000000

GC Precious Log:
 CardTable entry size: 512
 Card Set container configuration: InlinePtr #cards 5 size 8 Array Of Cards #cards 12 size 40 Howl #buckets 4 coarsen threshold 1843 Howl Bitmap #cards 512 size 80 coarsen threshold 460 Card regions per heap region 1 cards per card region 2048
 CPUs: 4 total, 4 available
 Memory: 8138M
 Large Page Support: Disabled
 NUMA Support: Disabled
 Compressed Oops: Enabled (32-bit)
 Heap Region Size: 1M
 Heap Min Capacity: 8M
 Heap Initial Capacity: 128M
 Heap Max Capacity: 2036M
 Pre-touch: Disabled
 Parallel Workers: 4
 Concurrent Workers: 1
 Concurrent Refinement Workers: 4
 Periodic GC: Disabled

Heap:
 garbage-first heap   total 131072K, used 3421K [0x0000000080c00000, 0x0000000100000000)
  region size 1024K, 4 young (4096K), 2 survivors (2048K)
 Metaspace       used 17088K, committed 17344K, reserved 1114112K
  class space    used 1879K, committed 2048K, reserved 1048576K

Heap Regions: E=young(eden), S=young(survivor), O=old, HS=humongous(starts), HC=humongous(continues), CS=collection set, F=free, TAMS=top-at-mark-start, PB=parsable bottom
|   0|0x0000000080c00000, 0x0000000080c574d8, 0x0000000080d00000| 34%| O|  |TAMS 0x0000000080c00000| PB 0x0000000080c00000| Untracked 
|   1|0x0000000080d00000, 0x0000000080d00000, 0x0000000080e00000|  0%| F|  |TAMS 0x0000000080d00000| PB 0x0000000080d00000| Untracked 
|   2|0x0000000080e00000, 0x0000000080e00000, 0x0000000080f00000|  0%| F|  |TAMS 0x0000000080e00000| PB 0x0000000080e00000| Untracked 
|   3|0x0000000080f00000, 0x0000000080f00000, 0x0000000081000000|  0%| F|  |TAMS 0x0000000080f00000| PB 0x0000000080f00000| Untracked 
|   4|0x0000000081000000, 0x0000000081000000, 0x0000000081100000|  0%| F|  |TAMS 0x0000000081000000| PB 0x0000000081000000| Untracked 
|   5|0x0000000081100000, 0x0000000081100000, 0x0000000081200000|  0%| F|  |TAMS 0x0000000081100000| PB 0x0000000081100000| Untracked 
|   6|0x0000000081200000, 0x0000000081200000, 0x0000000081300000|  0%| F|  |TAMS 0x0000000081200000| PB 0x0000000081200000| Untracked 
|   7|0x0000000081300000, 0x0000000081300000, 0x0000000081400000|  0%| F|  |TAMS 0x0000000081300000| PB 0x0000000081300000| Untracked 
|   8|0x0000000081400000, 0x0000000081400000, 0x0000000081500000|  0%| F|  |TAMS 0x0000000081400000| PB 0x0000000081400000| Untracked 
|   9|0x0000000081500000, 0x0000000081500000, 0x0000000081600000|  0%| F|  |TAMS 0x0000000081500000| PB 0x0000000081500000| Untracked 
|  10|0x0000000081600000, 0x0000000081600000, 0x0000000081700000|  0%| F|  |TAMS 0x0000000081600000| PB 0x0000000081600000| Untracked 
|  11|0x0000000081700000, 0x0000000081700000, 0x0000000081800000|  0%| F|  |TAMS 0x0000000081700000| PB 0x0000000081700000| Untracked 
|  12|0x0000000081800000, 0x0000000081800000, 0x0000000081900000|  0%| F|  |TAMS 0x0000000081800000| PB 0x0000000081800000| Untracked 
|  13|0x0000000081900000, 0x0000000081900000, 0x0000000081a00000|  0%| F|  |TAMS 0x0000000081900000| PB 0x0000000081900000| Untracked 
|  14|0x0000000081a00000, 0x0000000081a00000, 0x0000000081b00000|  0%| F|  |TAMS 0x0000000081a00000| PB 0x0000000081a00000| Untracked 
|  15|0x0000000081b00000, 0x0000000081b00000, 0x0000000081c00000|  0%| F|  |TAMS 0x0000000081b00000| PB 0x0000000081b00000| Untracked 
|  16|0x0000000081c00000, 0x0000000081c00000, 0x0000000081d00000|  0%| F|  |TAMS 0x0000000081c00000| PB 0x0000000081c00000| Untracked 
|  17|0x0000000081d00000, 0x0000000081d00000, 0x0000000081e00000|  0%| F|  |TAMS 0x0000000081d00000| PB 0x0000000081d00000| Untracked 
|  18|0x0000000081e00000, 0x0000000081e00000, 0x0000000081f00000|  0%| F|  |TAMS 0x0000000081e00000| PB 0x0000000081e00000| Untracked 
|  19|0x0000000081f00000, 0x0000000081f00000, 0x0000000082000000|  0%| F|  |TAMS 0x0000000081f00000| PB 0x0000000081f00000| Untracked 
|  20|0x0000000082000000, 0x0000000082000000, 0x0000000082100000|  0%| F|  |TAMS 0x0000000082000000| PB 0x0000000082000000| Untracked 
|  21|0x0000000082100000, 0x0000000082100000, 0x0000000082200000|  0%| F|  |TAMS 0x0000000082100000| PB 0x0000000082100000| Untracked 
|  22|0x0000000082200000, 0x0000000082200000, 0x0000000082300000|  0%| F|  |TAMS 0x0000000082200000| PB 0x0000000082200000| Untracked 
|  23|0x0000000082300000, 0x0000000082300000, 0x0000000082400000|  0%| F|  |TAMS 0x0000000082300000| PB 0x0000000082300000| Untracked 
|  24|0x0000000082400000, 0x0000000082400000, 0x0000000082500000|  0%| F|  |TAMS 0x0000000082400000| PB 0x0000000082400000| Untracked 
|  25|0x0000000082500000, 0x0000000082500000, 0x0000000082600000|  0%| F|  |TAMS 0x0000000082500000| PB 0x0000000082500000| Untracked 
|  26|0x0000000082600000, 0x0000000082600000, 0x0000000082700000|  0%| F|  |TAMS 0x0000000082600000| PB 0x0000000082600000| Untracked 
|  27|0x0000000082700000, 0x0000000082700000, 0x0000000082800000|  0%| F|  |TAMS 0x0000000082700000| PB 0x0000000082700000| Untracked 
|  28|0x0000000082800000, 0x0000000082800000, 0x0000000082900000|  0%| F|  |TAMS 0x0000000082800000| PB 0x0000000082800000| Untracked 
|  29|0x0000000082900000, 0x0000000082900000, 0x0000000082a00000|  0%| F|  |TAMS 0x0000000082900000| PB 0x0000000082900000| Untracked 
|  30|0x0000000082a00000, 0x0000000082a00000, 0x0000000082b00000|  0%| F|  |TAMS 0x0000000082a00000| PB 0x0000000082a00000| Untracked 
|  31|0x0000000082b00000, 0x0000000082b00000, 0x0000000082c00000|  0%| F|  |TAMS 0x0000000082b00000| PB 0x0000000082b00000| Untracked 
|  32|0x0000000082c00000, 0x0000000082c00000, 0x0000000082d00000|  0%| F|  |TAMS 0x0000000082c00000| PB 0x0000000082c00000| Untracked 
|  33|0x0000000082d00000, 0x0000000082d00000, 0x0000000082e00000|  0%| F|  |TAMS 0x0000000082d00000| PB 0x0000000082d00000| Untracked 
|  34|0x0000000082e00000, 0x0000000082e00000, 0x0000000082f00000|  0%| F|  |TAMS 0x0000000082e00000| PB 0x0000000082e00000| Untracked 
|  35|0x0000000082f00000, 0x0000000082f00000, 0x0000000083000000|  0%| F|  |TAMS 0x0000000082f00000| PB 0x0000000082f00000| Untracked 
|  36|0x0000000083000000, 0x0000000083000000, 0x0000000083100000|  0%| F|  |TAMS 0x0000000083000000| PB 0x0000000083000000| Untracked 
|  37|0x0000000083100000, 0x0000000083100000, 0x0000000083200000|  0%| F|  |TAMS 0x0000000083100000| PB 0x0000000083100000| Untracked 
|  38|0x0000000083200000, 0x0000000083200000, 0x0000000083300000|  0%| F|  |TAMS 0x0000000083200000| PB 0x0000000083200000| Untracked 
|  39|0x0000000083300000, 0x0000000083300000, 0x0000000083400000|  0%| F|  |TAMS 0x0000000083300000| PB 0x0000000083300000| Untracked 
|  40|0x0000000083400000, 0x0000000083400000, 0x0000000083500000|  0%| F|  |TAMS 0x0000000083400000| PB 0x0000000083400000| Untracked 
|  41|0x0000000083500000, 0x0000000083500000, 0x0000000083600000|  0%| F|  |TAMS 0x0000000083500000| PB 0x0000000083500000| Untracked 
|  42|0x0000000083600000, 0x0000000083600000, 0x0000000083700000|  0%| F|  |TAMS 0x0000000083600000| PB 0x0000000083600000| Untracked 
|  43|0x0000000083700000, 0x0000000083700000, 0x0000000083800000|  0%| F|  |TAMS 0x0000000083700000| PB 0x0000000083700000| Untracked 
|  44|0x0000000083800000, 0x0000000083800000, 0x0000000083900000|  0%| F|  |TAMS 0x0000000083800000| PB 0x0000000083800000| Untracked 
|  45|0x0000000083900000, 0x0000000083900000, 0x0000000083a00000|  0%| F|  |TAMS 0x0000000083900000| PB 0x0000000083900000| Untracked 
|  46|0x0000000083a00000, 0x0000000083a00000, 0x0000000083b00000|  0%| F|  |TAMS 0x0000000083a00000| PB 0x0000000083a00000| Untracked 
|  47|0x0000000083b00000, 0x0000000083b00000, 0x0000000083c00000|  0%| F|  |TAMS 0x0000000083b00000| PB 0x0000000083b00000| Untracked 
|  48|0x0000000083c00000, 0x0000000083c00000, 0x0000000083d00000|  0%| F|  |TAMS 0x0000000083c00000| PB 0x0000000083c00000| Untracked 
|  49|0x0000000083d00000, 0x0000000083d00000, 0x0000000083e00000|  0%| F|  |TAMS 0x0000000083d00000| PB 0x0000000083d00000| Untracked 
|  50|0x0000000083e00000, 0x0000000083e00000, 0x0000000083f00000|  0%| F|  |TAMS 0x0000000083e00000| PB 0x0000000083e00000| Untracked 
|  51|0x0000000083f00000, 0x0000000083f00000, 0x0000000084000000|  0%| F|  |TAMS 0x0000000083f00000| PB 0x0000000083f00000| Untracked 
|  52|0x0000000084000000, 0x0000000084000000, 0x0000000084100000|  0%| F|  |TAMS 0x0000000084000000| PB 0x0000000084000000| Untracked 
|  53|0x0000000084100000, 0x0000000084100000, 0x0000000084200000|  0%| F|  |TAMS 0x0000000084100000| PB 0x0000000084100000| Untracked 
|  54|0x0000000084200000, 0x0000000084200000, 0x0000000084300000|  0%| F|  |TAMS 0x0000000084200000| PB 0x0000000084200000| Untracked 
|  55|0x0000000084300000, 0x0000000084300000, 0x0000000084400000|  0%| F|  |TAMS 0x0000000084300000| PB 0x0000000084300000| Untracked 
|  56|0x0000000084400000, 0x0000000084400000, 0x0000000084500000|  0%| F|  |TAMS 0x0000000084400000| PB 0x0000000084400000| Untracked 
|  57|0x0000000084500000, 0x0000000084500000, 0x0000000084600000|  0%| F|  |TAMS 0x0000000084500000| PB 0x0000000084500000| Untracked 
|  58|0x0000000084600000, 0x0000000084600000, 0x0000000084700000|  0%| F|  |TAMS 0x0000000084600000| PB 0x0000000084600000| Untracked 
|  59|0x0000000084700000, 0x0000000084700000, 0x0000000084800000|  0%| F|  |TAMS 0x0000000084700000| PB 0x0000000084700000| Untracked 
|  60|0x0000000084800000, 0x0000000084800000, 0x0000000084900000|  0%| F|  |TAMS 0x0000000084800000| PB 0x0000000084800000| Untracked 
|  61|0x0000000084900000, 0x0000000084900000, 0x0000000084a00000|  0%| F|  |TAMS 0x0000000084900000| PB 0x0000000084900000| Untracked 
|  62|0x0000000084a00000, 0x0000000084a00000, 0x0000000084b00000|  0%| F|  |TAMS 0x0000000084a00000| PB 0x0000000084a00000| Untracked 
|  63|0x0000000084b00000, 0x0000000084b00000, 0x0000000084c00000|  0%| F|  |TAMS 0x0000000084b00000| PB 0x0000000084b00000| Untracked 
|  64|0x0000000084c00000, 0x0000000084c00000, 0x0000000084d00000|  0%| F|  |TAMS 0x0000000084c00000| PB 0x0000000084c00000| Untracked 
|  65|0x0000000084d00000, 0x0000000084d00000, 0x0000000084e00000|  0%| F|  |TAMS 0x0000000084d00000| PB 0x0000000084d00000| Untracked 
|  66|0x0000000084e00000, 0x0000000084e00000, 0x0000000084f00000|  0%| F|  |TAMS 0x0000000084e00000| PB 0x0000000084e00000| Untracked 
|  67|0x0000000084f00000, 0x0000000084f00000, 0x0000000085000000|  0%| F|  |TAMS 0x0000000084f00000| PB 0x0000000084f00000| Untracked 
|  68|0x0000000085000000, 0x0000000085000000, 0x0000000085100000|  0%| F|  |TAMS 0x0000000085000000| PB 0x0000000085000000| Untracked 
|  69|0x0000000085100000, 0x0000000085100000, 0x0000000085200000|  0%| F|  |TAMS 0x0000000085100000| PB 0x0000000085100000| Untracked 
|  70|0x0000000085200000, 0x0000000085200000, 0x0000000085300000|  0%| F|  |TAMS 0x0000000085200000| PB 0x0000000085200000| Untracked 
|  71|0x0000000085300000, 0x0000000085300000, 0x0000000085400000|  0%| F|  |TAMS 0x0000000085300000| PB 0x0000000085300000| Untracked 
|  72|0x0000000085400000, 0x0000000085400000, 0x0000000085500000|  0%| F|  |TAMS 0x0000000085400000| PB 0x0000000085400000| Untracked 
|  73|0x0000000085500000, 0x0000000085500000, 0x0000000085600000|  0%| F|  |TAMS 0x0000000085500000| PB 0x0000000085500000| Untracked 
|  74|0x0000000085600000, 0x0000000085600000, 0x0000000085700000|  0%| F|  |TAMS 0x0000000085600000| PB 0x0000000085600000| Untracked 
|  75|0x0000000085700000, 0x0000000085700000, 0x0000000085800000|  0%| F|  |TAMS 0x0000000085700000| PB 0x0000000085700000| Untracked 
|  76|0x0000000085800000, 0x0000000085800000, 0x0000000085900000|  0%| F|  |TAMS 0x0000000085800000| PB 0x0000000085800000| Untracked 
|  77|0x0000000085900000, 0x0000000085900000, 0x0000000085a00000|  0%| F|  |TAMS 0x0000000085900000| PB 0x0000000085900000| Untracked 
|  78|0x0000000085a00000, 0x0000000085a00000, 0x0000000085b00000|  0%| F|  |TAMS 0x0000000085a00000| PB 0x0000000085a00000| Untracked 
|  79|0x0000000085b00000, 0x0000000085b00000, 0x0000000085c00000|  0%| F|  |TAMS 0x0000000085b00000| PB 0x0000000085b00000| Untracked 
|  80|0x0000000085c00000, 0x0000000085c00000, 0x0000000085d00000|  0%| F|  |TAMS 0x0000000085c00000| PB 0x0000000085c00000| Untracked 
|  81|0x0000000085d00000, 0x0000000085d00000, 0x0000000085e00000|  0%| F|  |TAMS 0x0000000085d00000| PB 0x0000000085d00000| Untracked 
|  82|0x0000000085e00000, 0x0000000085e00000, 0x0000000085f00000|  0%| F|  |TAMS 0x0000000085e00000| PB 0x0000000085e00000| Untracked 
|  83|0x0000000085f00000, 0x0000000085f00000, 0x0000000086000000|  0%| F|  |TAMS 0x0000000085f00000| PB 0x0000000085f00000| Untracked 
|  84|0x0000000086000000, 0x0000000086000000, 0x0000000086100000|  0%| F|  |TAMS 0x0000000086000000| PB 0x0000000086000000| Untracked 
|  85|0x0000000086100000, 0x0000000086100000, 0x0000000086200000|  0%| F|  |TAMS 0x0000000086100000| PB 0x0000000086100000| Untracked 
|  86|0x0000000086200000, 0x0000000086200000, 0x0000000086300000|  0%| F|  |TAMS 0x0000000086200000| PB 0x0000000086200000| Untracked 
|  87|0x0000000086300000, 0x0000000086300000, 0x0000000086400000|  0%| F|  |TAMS 0x0000000086300000| PB 0x0000000086300000| Untracked 
|  88|0x0000000086400000, 0x0000000086400000, 0x0000000086500000|  0%| F|  |TAMS 0x0000000086400000| PB 0x0000000086400000| Untracked 
|  89|0x0000000086500000, 0x0000000086500000, 0x0000000086600000|  0%| F|  |TAMS 0x0000000086500000| PB 0x0000000086500000| Untracked 
|  90|0x0000000086600000, 0x0000000086600000, 0x0000000086700000|  0%| F|  |TAMS 0x0000000086600000| PB 0x0000000086600000| Untracked 
|  91|0x0000000086700000, 0x0000000086700000, 0x0000000086800000|  0%| F|  |TAMS 0x0000000086700000| PB 0x0000000086700000| Untracked 
|  92|0x0000000086800000, 0x0000000086800000, 0x0000000086900000|  0%| F|  |TAMS 0x0000000086800000| PB 0x0000000086800000| Untracked 
|  93|0x0000000086900000, 0x0000000086900000, 0x0000000086a00000|  0%| F|  |TAMS 0x0000000086900000| PB 0x0000000086900000| Untracked 
|  94|0x0000000086a00000, 0x0000000086a00000, 0x0000000086b00000|  0%| F|  |TAMS 0x0000000086a00000| PB 0x0000000086a00000| Untracked 
|  95|0x0000000086b00000, 0x0000000086b00000, 0x0000000086c00000|  0%| F|  |TAMS 0x0000000086b00000| PB 0x0000000086b00000| Untracked 
|  96|0x0000000086c00000, 0x0000000086c00000, 0x0000000086d00000|  0%| F|  |TAMS 0x0000000086c00000| PB 0x0000000086c00000| Untracked 
|  97|0x0000000086d00000, 0x0000000086d00000, 0x0000000086e00000|  0%| F|  |TAMS 0x0000000086d00000| PB 0x0000000086d00000| Untracked 
|  98|0x0000000086e00000, 0x0000000086e00000, 0x0000000086f00000|  0%| F|  |TAMS 0x0000000086e00000| PB 0x0000000086e00000| Untracked 
|  99|0x0000000086f00000, 0x0000000086f00000, 0x0000000087000000|  0%| F|  |TAMS 0x0000000086f00000| PB 0x0000000086f00000| Untracked 
| 100|0x0000000087000000, 0x0000000087000000, 0x0000000087100000|  0%| F|  |TAMS 0x0000000087000000| PB 0x0000000087000000| Untracked 
| 101|0x0000000087100000, 0x0000000087100000, 0x0000000087200000|  0%| F|  |TAMS 0x0000000087100000| PB 0x0000000087100000| Untracked 
| 102|0x0000000087200000, 0x0000000087200000, 0x0000000087300000|  0%| F|  |TAMS 0x0000000087200000| PB 0x0000000087200000| Untracked 
| 103|0x0000000087300000, 0x0000000087300000, 0x0000000087400000|  0%| F|  |TAMS 0x0000000087300000| PB 0x0000000087300000| Untracked 
| 104|0x0000000087400000, 0x0000000087400000, 0x0000000087500000|  0%| F|  |TAMS 0x0000000087400000| PB 0x0000000087400000| Untracked 
| 105|0x0000000087500000, 0x0000000087500000, 0x0000000087600000|  0%| F|  |TAMS 0x0000000087500000| PB 0x0000000087500000| Untracked 
| 106|0x0000000087600000, 0x0000000087600000, 0x0000000087700000|  0%| F|  |TAMS 0x0000000087600000| PB 0x0000000087600000| Untracked 
| 107|0x0000000087700000, 0x0000000087700000, 0x0000000087800000|  0%| F|  |TAMS 0x0000000087700000| PB 0x0000000087700000| Untracked 
| 108|0x0000000087800000, 0x0000000087800000, 0x0000000087900000|  0%| F|  |TAMS 0x0000000087800000| PB 0x0000000087800000| Untracked 
| 109|0x0000000087900000, 0x0000000087900000, 0x0000000087a00000|  0%| F|  |TAMS 0x0000000087900000| PB 0x0000000087900000| Untracked 
| 110|0x0000000087a00000, 0x0000000087a00000, 0x0000000087b00000|  0%| F|  |TAMS 0x0000000087a00000| PB 0x0000000087a00000| Untracked 
| 111|0x0000000087b00000, 0x0000000087b00000, 0x0000000087c00000|  0%| F|  |TAMS 0x0000000087b00000| PB 0x0000000087b00000| Untracked 
| 112|0x0000000087c00000, 0x0000000087c00000, 0x0000000087d00000|  0%| F|  |TAMS 0x0000000087c00000| PB 0x0000000087c00000| Untracked 
| 113|0x0000000087d00000, 0x0000000087e00000, 0x0000000087e00000|100%| S|CS|TAMS 0x0000000087d00000| PB 0x0000000087d00000| Complete 
| 114|0x0000000087e00000, 0x0000000087f00000, 0x0000000087f00000|100%| S|CS|TAMS 0x0000000087e00000| PB 0x0000000087e00000| Complete 
| 115|0x0000000087f00000, 0x0000000087f00000, 0x0000000088000000|  0%| F|  |TAMS 0x0000000087f00000| PB 0x0000000087f00000| Untracked 
| 116|0x0000000088000000, 0x0000000088000000, 0x0000000088100000|  0%| F|  |TAMS 0x0000000088000000| PB 0x0000000088000000| Untracked 
| 117|0x0000000088100000, 0x0000000088100000, 0x0000000088200000|  0%| F|  |TAMS 0x0000000088100000| PB 0x0000000088100000| Untracked 
| 118|0x0000000088200000, 0x0000000088200000, 0x0000000088300000|  0%| F|  |TAMS 0x0000000088200000| PB 0x0000000088200000| Untracked 
| 119|0x0000000088300000, 0x0000000088300000, 0x0000000088400000|  0%| F|  |TAMS 0x0000000088300000| PB 0x0000000088300000| Untracked 
| 120|0x0000000088400000, 0x0000000088400000, 0x0000000088500000|  0%| F|  |TAMS 0x0000000088400000| PB 0x0000000088400000| Untracked 
| 121|0x0000000088500000, 0x0000000088500000, 0x0000000088600000|  0%| F|  |TAMS 0x0000000088500000| PB 0x0000000088500000| Untracked 
| 122|0x0000000088600000, 0x0000000088600000, 0x0000000088700000|  0%| F|  |TAMS 0x0000000088600000| PB 0x0000000088600000| Untracked 
| 123|0x0000000088700000, 0x0000000088700000, 0x0000000088800000|  0%| F|  |TAMS 0x0000000088700000| PB 0x0000000088700000| Untracked 
| 124|0x0000000088800000, 0x0000000088800000, 0x0000000088900000|  0%| F|  |TAMS 0x0000000088800000| PB 0x0000000088800000| Untracked 
| 125|0x0000000088900000, 0x0000000088900000, 0x0000000088a00000|  0%| F|  |TAMS 0x0000000088900000| PB 0x0000000088900000| Untracked 
| 126|0x0000000088a00000, 0x0000000088ae4e10, 0x0000000088b00000| 89%| E|  |TAMS 0x0000000088a00000| PB 0x0000000088a00000| Complete 
| 127|0x0000000088b00000, 0x0000000088c00000, 0x0000000088c00000|100%| E|CS|TAMS 0x0000000088b00000| PB 0x0000000088b00000| Complete 

Card table byte_map: [0x00000205a5af0000,0x00000205a5ef0000] _byte_map_base: 0x00000205a56ea000

Marking Bits: (CMBitMap*) 0x00000205935dfce0
 Bits: [0x00000205a5ef0000, 0x00000205a7ec0000)

Polling page: 0x0000020591330000

Metaspace:

Usage:
  Non-class:     14.85 MB used.
      Class:      1.84 MB used.
       Both:     16.69 MB used.

Virtual space:
  Non-class space:       64.00 MB reserved,      14.94 MB ( 23%) committed,  1 nodes.
      Class space:        1.00 GB reserved,       2.00 MB ( <1%) committed,  1 nodes.
             Both:        1.06 GB reserved,      16.94 MB (  2%) committed. 

Chunk freelists:
   Non-Class:  768.00 KB
       Class:  14.06 MB
        Both:  14.81 MB

MaxMetaspaceSize: unlimited
CompressedClassSpaceSize: 1.00 GB
Initial GC threshold: 21.00 MB
Current GC threshold: 21.00 MB
CDS: off
 - commit_granule_bytes: 65536.
 - commit_granule_words: 8192.
 - virtual_space_node_default_size: 8388608.
 - enlarge_chunks_in_place: 1.
 - use_allocation_guard: 0.


Internal statistics:

num_allocs_failed_limit: 0.
num_arena_births: 194.
num_arena_deaths: 0.
num_vsnodes_births: 2.
num_vsnodes_deaths: 0.
num_space_committed: 271.
num_space_uncommitted: 0.
num_chunks_returned_to_freelist: 0.
num_chunks_taken_from_freelist: 388.
num_chunk_merges: 0.
num_chunk_splits: 204.
num_chunks_enlarged: 90.
num_inconsistent_stats: 0.

CodeHeap 'non-profiled nmethods': size=120000Kb used=417Kb max_used=417Kb free=119582Kb
 bounds [0x000002059e1c0000, 0x000002059e430000, 0x00000205a56f0000]
CodeHeap 'profiled nmethods': size=120000Kb used=1827Kb max_used=1827Kb free=118172Kb
 bounds [0x00000205966f0000, 0x0000020596960000, 0x000002059dc20000]
CodeHeap 'non-nmethods': size=5760Kb used=1407Kb max_used=1422Kb free=4352Kb
 bounds [0x000002059dc20000, 0x000002059de90000, 0x000002059e1c0000]
CodeCache: size=245760Kb, used=3651Kb, max_used=3666Kb, free=242106Kb
 total_blobs=1700, nmethods=1185, adapters=420, full_count=0
Compilation: enabled, stopped_count=0, restarted_count=0

Compilation events (20 events):
Event: 0.628 Thread 0x00000205af1849d0 1177       4       jdk.internal.util.StrongReferenceKey::hashCode (8 bytes)
Event: 0.629 Thread 0x00000205aa5ac0a0 1179       3       java.nio.ByteBuffer::hasArray (20 bytes)
Event: 0.630 Thread 0x00000205aa5ac0a0 nmethod 1179 0x00000205968b7c90 code [0x00000205968b7e40, 0x00000205968b7fd8]
Event: 0.630 Thread 0x00000205aa5ac0a0 1180   !   3       jdk.internal.misc.ScopedMemoryAccess::copyMemory (27 bytes)
Event: 0.630 Thread 0x00000205aa5ac0a0 nmethod 1180 0x00000205968b8090 code [0x00000205968b82a0, 0x00000205968b88a8]
Event: 0.632 Thread 0x00000205af1849d0 nmethod 1177 0x000002059e226390 code [0x000002059e2265a0, 0x000002059e2269b0]
Event: 0.632 Thread 0x00000205af1849d0 1178       4       java.lang.String::isEmpty (14 bytes)
Event: 0.632 Thread 0x00000205af1849d0 nmethod 1178 0x000002059e226d10 code [0x000002059e226ea0, 0x000002059e226f50]
Event: 0.700 Thread 0x00000205aa5ac0a0 1181       1       java.util.concurrent.atomic.AtomicInteger::get (5 bytes)
Event: 0.700 Thread 0x00000205aa5ac0a0 nmethod 1181 0x000002059e227010 code [0x000002059e2271a0, 0x000002059e227268]
Event: 0.700 Thread 0x00000205af1849d0 1182       4       java.lang.invoke.VarHandle::checkAccessModeThenIsDirect (29 bytes)
Event: 0.702 Thread 0x00000205af1849d0 nmethod 1182 0x000002059e227310 code [0x000002059e2274c0, 0x000002059e227740]
Event: 0.703 Thread 0x00000205af1849d0 1183       4       java.nio.Buffer::checkIndex (12 bytes)
Event: 0.703 Thread 0x00000205af1849d0 nmethod 1183 0x000002059e227890 code [0x000002059e227a20, 0x000002059e227af0]
Event: 0.703 Thread 0x00000205af1849d0 1184       4       java.lang.invoke.VarForm::getMemberName (31 bytes)
Event: 0.704 Thread 0x00000205af1849d0 nmethod 1184 0x000002059e227b90 code [0x000002059e227d20, 0x000002059e227e40]
Event: 0.705 Thread 0x00000205af1849d0 1185       4       java.lang.String::toString (2 bytes)
Event: 0.705 Thread 0x00000205aa5ac0a0 1186       1       sun.security.provider.DigestBase::engineGetDigestLength (5 bytes)
Event: 0.705 Thread 0x00000205af1849d0 nmethod 1185 0x000002059e227f90 code [0x000002059e228120, 0x000002059e2281a8]
Event: 0.705 Thread 0x00000205aa5ac0a0 nmethod 1186 0x000002059e228290 code [0x000002059e228420, 0x000002059e2284e8]

GC Heap History (2 events):
Event: 0.589 GC heap before
{Heap before GC invocations=0 (full 0):
 garbage-first heap   total 131072K, used 13312K [0x0000000080c00000, 0x0000000100000000)
  region size 1024K, 13 young (13312K), 0 survivors (0K)
 Metaspace       used 16494K, committed 16768K, reserved 1114112K
  class space    used 1800K, committed 1920K, reserved 1048576K
}
Event: 0.593 GC heap after
{Heap after GC invocations=1 (full 0):
 garbage-first heap   total 131072K, used 2397K [0x0000000080c00000, 0x0000000100000000)
  region size 1024K, 2 young (2048K), 2 survivors (2048K)
 Metaspace       used 16494K, committed 16768K, reserved 1114112K
  class space    used 1800K, committed 1920K, reserved 1048576K
}

Dll operation events (2 events):
Event: 0.005 Loaded shared library E:\Program Files\Android\Android Studio\jbr\bin\java.dll
Event: 0.010 Loaded shared library E:\Program Files\Android\Android Studio\jbr\bin\zip.dll

Deoptimization events (20 events):
Event: 0.574 Thread 0x00000205af36a960 Uncommon trap: trap_request=0xffffffde fr.pc=0x000002059e216828 relative=0x0000000000000268
Event: 0.574 Thread 0x00000205af36a960 Uncommon trap: reason=class_check action=maybe_recompile pc=0x000002059e216828 method=sun.security.util.math.intpoly.IntegerPolynomial.multByInt([JJ)V @ 26 c2
Event: 0.574 Thread 0x00000205af36a960 DEOPT PACKING pc=0x000002059e216828 sp=0x00000031f01fe630
Event: 0.574 Thread 0x00000205af36a960 DEOPT UNPACKING pc=0x000002059dc746a2 sp=0x00000031f01fe600 mode 2
Event: 0.574 Thread 0x00000205af36a960 Uncommon trap: trap_request=0xffffffde fr.pc=0x000002059e216828 relative=0x0000000000000268
Event: 0.574 Thread 0x00000205af36a960 Uncommon trap: reason=class_check action=maybe_recompile pc=0x000002059e216828 method=sun.security.util.math.intpoly.IntegerPolynomial.multByInt([JJ)V @ 26 c2
Event: 0.574 Thread 0x00000205af36a960 DEOPT PACKING pc=0x000002059e216828 sp=0x00000031f01fe630
Event: 0.574 Thread 0x00000205af36a960 DEOPT UNPACKING pc=0x000002059dc746a2 sp=0x00000031f01fe600 mode 2
Event: 0.574 Thread 0x00000205af36a960 Uncommon trap: trap_request=0xffffffde fr.pc=0x000002059e216828 relative=0x0000000000000268
Event: 0.574 Thread 0x00000205af36a960 Uncommon trap: reason=class_check action=maybe_recompile pc=0x000002059e216828 method=sun.security.util.math.intpoly.IntegerPolynomial.multByInt([JJ)V @ 26 c2
Event: 0.574 Thread 0x00000205af36a960 DEOPT PACKING pc=0x000002059e216828 sp=0x00000031f01fe630
Event: 0.574 Thread 0x00000205af36a960 DEOPT UNPACKING pc=0x000002059dc746a2 sp=0x00000031f01fe600 mode 2
Event: 0.594 Thread 0x00000205af36a960 Uncommon trap: trap_request=0xffffff45 fr.pc=0x000002059e20ee0c relative=0x000000000000006c
Event: 0.594 Thread 0x00000205af36a960 Uncommon trap: reason=unstable_if action=reinterpret pc=0x000002059e20ee0c method=java.lang.ref.ReferenceQueue.headIsNull()Z @ 4 c2
Event: 0.594 Thread 0x00000205af36a960 DEOPT PACKING pc=0x000002059e20ee0c sp=0x00000031f01fc840
Event: 0.594 Thread 0x00000205af36a960 DEOPT UNPACKING pc=0x000002059dc746a2 sp=0x00000031f01fc768 mode 2
Event: 0.705 Thread 0x00000205af36a960 Uncommon trap: trap_request=0xffffff45 fr.pc=0x000002059e2206c8 relative=0x0000000000000908
Event: 0.705 Thread 0x00000205af36a960 Uncommon trap: reason=unstable_if action=reinterpret pc=0x000002059e2206c8 method=java.util.HashMap.putVal(ILjava/lang/Object;Ljava/lang/Object;ZZ)Ljava/lang/Object; @ 81 c2
Event: 0.705 Thread 0x00000205af36a960 DEOPT PACKING pc=0x000002059e2206c8 sp=0x00000031f01fe9b0
Event: 0.705 Thread 0x00000205af36a960 DEOPT UNPACKING pc=0x000002059dc746a2 sp=0x00000031f01fe940 mode 2

Classes loaded (20 events):
Event: 0.606 Loading class jdk/internal/event/TLSHandshakeEvent
Event: 0.606 Loading class jdk/internal/event/TLSHandshakeEvent done
Event: 0.606 Loading class com/sun/crypto/provider/GaloisCounterMode$GCMEncrypt
Event: 0.606 Loading class com/sun/crypto/provider/GaloisCounterMode$GCMEncrypt done
Event: 0.606 Loading class com/sun/crypto/provider/GaloisCounterMode$EncryptOp
Event: 0.606 Loading class com/sun/crypto/provider/GaloisCounterMode$EncryptOp done
Event: 0.607 Loading class sun/security/ssl/CipherSuite$1
Event: 0.607 Loading class sun/security/ssl/CipherSuite$1 done
Event: 0.608 Loading class java/util/concurrent/CompletionException
Event: 0.608 Loading class java/util/concurrent/CompletionException done
Event: 0.623 Loading class java/util/Collections$UnmodifiableMap$UnmodifiableEntrySet
Event: 0.623 Loading class java/util/Collections$UnmodifiableMap$UnmodifiableEntrySet done
Event: 0.623 Loading class java/util/Collections$UnmodifiableMap$UnmodifiableEntrySet$1
Event: 0.623 Loading class java/util/Collections$UnmodifiableMap$UnmodifiableEntrySet$1 done
Event: 0.623 Loading class java/util/Collections$UnmodifiableMap$UnmodifiableEntrySet$UnmodifiableEntry
Event: 0.623 Loading class java/util/Collections$UnmodifiableMap$UnmodifiableEntrySet$UnmodifiableEntry done
Event: 0.705 Loading class sun/security/ssl/NewSessionTicket$T13NewSessionTicketMessage
Event: 0.705 Loading class sun/security/ssl/NewSessionTicket$NewSessionTicketMessage
Event: 0.705 Loading class sun/security/ssl/NewSessionTicket$NewSessionTicketMessage done
Event: 0.705 Loading class sun/security/ssl/NewSessionTicket$T13NewSessionTicketMessage done

Classes unloaded (0 events):
No events

Classes redefined (0 events):
No events

Internal exceptions (20 events):
Event: 0.212 Thread 0x0000020593592cb0 Exception <a 'sun/nio/fs/WindowsException'{0x0000000088808580}> (0x0000000088808580) 
thrown [s\src\hotspot\share\prims\jni.cpp, line 537]
Event: 0.275 Thread 0x0000020593592cb0 Exception <a 'java/lang/NoSuchMethodError'{0x0000000088738ac0}: 'java.lang.Object java.lang.invoke.DirectMethodHandle$Holder.invokeStaticInit(java.lang.Object, java.lang.Object, int, int, int, int)'> (0x0000000088738ac0) 
thrown [s\src\hotspot\share\interpreter\linkResolver.cpp, line 784]
Event: 0.289 Thread 0x0000020593592cb0 Exception <a 'java/lang/NoSuchMethodError'{0x00000000887e1358}: 'java.lang.Object java.lang.invoke.DirectMethodHandle$Holder.invokeStaticInit(java.lang.Object, java.lang.Object, int)'> (0x00000000887e1358) 
thrown [s\src\hotspot\share\interpreter\linkResolver.cpp, line 784]
Event: 0.290 Thread 0x0000020593592cb0 Exception <a 'java/lang/NoSuchMethodError'{0x00000000887e7260}: 'java.lang.Object java.lang.invoke.DirectMethodHandle$Holder.newInvokeSpecial(java.lang.Object, java.lang.Object, int)'> (0x00000000887e7260) 
thrown [s\src\hotspot\share\interpreter\linkResolver.cpp, line 784]
Event: 0.293 Thread 0x0000020593592cb0 Exception <a 'java/lang/NoSuchMethodError'{0x00000000887fcea0}: 'int java.lang.invoke.DirectMethodHandle$Holder.invokeSpecialIFC(java.lang.Object, java.lang.Object, java.lang.Object)'> (0x00000000887fcea0) 
thrown [s\src\hotspot\share\interpreter\linkResolver.cpp, line 784]
Event: 0.309 Thread 0x0000020593592cb0 Exception <a 'java/lang/NoSuchMethodError'{0x0000000088635050}: 'java.lang.Object java.lang.invoke.Invokers$Holder.invoke_MT(java.lang.Object, java.lang.Object, java.lang.Object, java.lang.Object, java.lang.Object, java.lang.Object, java.lang.Object, java.lang.Object, java.lang.Object, java.lang.Object)'> (0x0000000088635050) 
thrown [s\src\hotspot\share\interpreter\linkResolver.cpp, line 784]
Event: 0.320 Thread 0x0000020593592cb0 Exception <a 'java/lang/NoSuchMethodError'{0x0000000088675df8}: 'int java.lang.invoke.DirectMethodHandle$Holder.invokeSpecial(java.lang.Object, java.lang.Object, java.lang.Object, java.lang.Object)'> (0x0000000088675df8) 
thrown [s\src\hotspot\share\interpreter\linkResolver.cpp, line 784]
Event: 0.322 Thread 0x0000020593592cb0 Exception <a 'java/lang/NoSuchMethodError'{0x000000008868e700}: 'java.lang.Object java.lang.invoke.DelegatingMethodHandle$Holder.delegate(java.lang.Object, int, java.lang.Object, java.lang.Object)'> (0x000000008868e700) 
thrown [s\src\hotspot\share\interpreter\linkResolver.cpp, line 784]
Event: 0.324 Thread 0x0000020593592cb0 Exception <a 'java/lang/NoSuchMethodError'{0x000000008869deb8}: 'int java.lang.invoke.Invokers$Holder.linkToTargetMethod(java.lang.Object, java.lang.Object, java.lang.Object)'> (0x000000008869deb8) 
thrown [s\src\hotspot\share\interpreter\linkResolver.cpp, line 784]
Event: 0.328 Thread 0x0000020593592cb0 Exception <a 'java/lang/NoSuchMethodError'{0x00000000886ccff0}: 'long java.lang.invoke.DirectMethodHandle$Holder.invokeSpecial(java.lang.Object, java.lang.Object)'> (0x00000000886ccff0) 
thrown [s\src\hotspot\share\interpreter\linkResolver.cpp, line 784]
Event: 0.329 Thread 0x0000020593592cb0 Exception <a 'java/lang/NoSuchMethodError'{0x00000000886d3d40}: 'java.lang.Object java.lang.invoke.Invokers$Holder.invokeExact_MT(java.lang.Object, java.lang.Object, java.lang.Object, java.lang.Object, java.lang.Object, java.lang.Object)'> (0x00000000886d3d40) 
thrown [s\src\hotspot\share\interpreter\linkResolver.cpp, line 784]
Event: 0.404 Thread 0x0000020593592cb0 Exception <a 'java/lang/NoSuchMethodError'{0x00000000884f79f0}: 'java.lang.Object java.lang.invoke.DirectMethodHandle$Holder.newInvokeSpecial(java.lang.Object, java.lang.Object, java.lang.Object, java.lang.Object, java.lang.Object)'> (0x00000000884f79f0) 
thrown [s\src\hotspot\share\interpreter\linkResolver.cpp, line 784]
Event: 0.431 Thread 0x0000020593592cb0 Exception <a 'java/lang/NoSuchMethodError'{0x00000000882593d8}: 'java.lang.Object java.lang.invoke.DirectMethodHandle$Holder.invokeSpecial(java.lang.Object, java.lang.Object, java.lang.Object, java.lang.Object, int)'> (0x00000000882593d8) 
thrown [s\src\hotspot\share\interpreter\linkResolver.cpp, line 784]
Event: 0.431 Thread 0x0000020593592cb0 Exception <a 'java/lang/NoSuchMethodError'{0x000000008825cd40}: 'java.lang.Object java.lang.invoke.Invokers$Holder.linkToTargetMethod(java.lang.Object, java.lang.Object, int, java.lang.Object)'> (0x000000008825cd40) 
thrown [s\src\hotspot\share\interpreter\linkResolver.cpp, line 784]
Event: 0.437 Thread 0x0000020593592cb0 Exception <a 'java/lang/NoSuchMethodError'{0x0000000088288b30}: 'void java.lang.invoke.DirectMethodHandle$Holder.invokeSpecial(java.lang.Object, java.lang.Object, java.lang.Object)'> (0x0000000088288b30) 
thrown [s\src\hotspot\share\interpreter\linkResolver.cpp, line 784]
Event: 0.450 Thread 0x00000205af0eb560 Exception <a 'java/lang/NoSuchMethodError'{0x00000000884a4dd8}: 'void java.lang.invoke.DirectMethodHandle$Holder.invokeStatic(java.lang.Object, java.lang.Object, int)'> (0x00000000884a4dd8) 
thrown [s\src\hotspot\share\interpreter\linkResolver.cpp, line 784]
Event: 0.455 Thread 0x0000020593592cb0 Exception <a 'java/lang/NoSuchMethodError'{0x000000008810eb98}: 'void java.lang.invoke.DirectMethodHandle$Holder.invokeSpecial(java.lang.Object, java.lang.Object, java.lang.Object, java.lang.Object, java.lang.Object)'> (0x000000008810eb98) 
thrown [s\src\hotspot\share\interpreter\linkResolver.cpp, line 784]
Event: 0.459 Thread 0x00000205af36a960 Exception <a 'java/lang/NoSuchMethodError'{0x00000000881a4cc8}: 'void java.lang.invoke.DirectMethodHandle$Holder.invokeInterface(java.lang.Object, java.lang.Object, java.lang.Object)'> (0x00000000881a4cc8) 
thrown [s\src\hotspot\share\interpreter\linkResolver.cpp, line 784]
Event: 0.568 Thread 0x00000205af36a960 Exception <a 'java/lang/NoSuchMethodError'{0x0000000087fbc958}: 'void java.lang.invoke.DirectMethodHandle$Holder.invokeInterface(java.lang.Object, java.lang.Object)'> (0x0000000087fbc958) 
thrown [s\src\hotspot\share\interpreter\linkResolver.cpp, line 784]
Event: 0.607 Thread 0x00000205af36a960 Exception <a 'java/lang/NoSuchMethodError'{0x0000000088b30438}: 'void java.lang.invoke.DirectMethodHandle$Holder.invokeStatic(java.lang.Object, java.lang.Object, java.lang.Object, java.lang.Object)'> (0x0000000088b30438) 
thrown [s\src\hotspot\share\interpreter\linkResolver.cpp, line 784]

ZGC Phase Switch (0 events):
No events

VM Operations (10 events):
Event: 0.107 Executing VM operation: HandshakeAllThreads (Deoptimize)
Event: 0.107 Executing VM operation: HandshakeAllThreads (Deoptimize) done
Event: 0.118 Executing VM operation: HandshakeAllThreads (Deoptimize)
Event: 0.118 Executing VM operation: HandshakeAllThreads (Deoptimize) done
Event: 0.264 Executing VM operation: HandshakeAllThreads (Deoptimize)
Event: 0.264 Executing VM operation: HandshakeAllThreads (Deoptimize) done
Event: 0.453 Executing VM operation: HandshakeAllThreads (Deoptimize)
Event: 0.453 Executing VM operation: HandshakeAllThreads (Deoptimize) done
Event: 0.589 Executing VM operation: G1CollectForAllocation (G1 Evacuation Pause)
Event: 0.593 Executing VM operation: G1CollectForAllocation (G1 Evacuation Pause) done

Memory protections (0 events):
No events

Nmethod flushes (0 events):
No events

Events (20 events):
Event: 0.009 Thread 0x0000020593592cb0 Thread added: 0x0000020593592cb0
Event: 0.048 Thread 0x0000020593592cb0 Thread added: 0x00000205aa595ed0
Event: 0.053 Thread 0x0000020593592cb0 Thread added: 0x00000205aa597d00
Event: 0.053 Thread 0x0000020593592cb0 Thread added: 0x00000205aa5c8810
Event: 0.054 Thread 0x0000020593592cb0 Thread added: 0x00000205aa5aecf0
Event: 0.054 Thread 0x0000020593592cb0 Thread added: 0x00000205aa5c9270
Event: 0.054 Thread 0x0000020593592cb0 Thread added: 0x00000205aa598760
Event: 0.054 Thread 0x0000020593592cb0 Thread added: 0x00000205aa599960
Event: 0.054 Thread 0x0000020593592cb0 Thread added: 0x00000205aa5b4b70
Event: 0.054 Thread 0x0000020593592cb0 Thread added: 0x00000205aa5ac0a0
Event: 0.084 Thread 0x0000020593592cb0 Thread added: 0x00000205aa75fe40
Event: 0.094 Loaded shared library E:\Program Files\Android\Android Studio\jbr\bin\net.dll
Event: 0.096 Loaded shared library E:\Program Files\Android\Android Studio\jbr\bin\nio.dll
Event: 0.103 Loaded shared library E:\Program Files\Android\Android Studio\jbr\bin\zip.dll
Event: 0.171 Loaded shared library E:\Program Files\Android\Android Studio\jbr\bin\jimage.dll
Event: 0.275 Thread 0x00000205aa5b4b70 Thread added: 0x00000205af1849d0
Event: 0.394 Loaded shared library E:\Program Files\Android\Android Studio\jbr\bin\extnet.dll
Event: 0.399 Thread 0x0000020593592cb0 Thread added: 0x00000205af0eb560
Event: 0.457 Thread 0x00000205af0eb560 Thread added: 0x00000205af36a960
Event: 0.471 Thread 0x00000205af0eb560 Thread added: 0x00000205af3d7190


Dynamic libraries:
0x00007ff60f720000 - 0x00007ff60f72a000 	E:\Program Files\Android\Android Studio\jbr\bin\java.exe
0x00007ff855630000 - 0x00007ff855828000 	C:\WINDOWS\SYSTEM32\ntdll.dll
0x00007ff853f60000 - 0x00007ff854022000 	C:\WINDOWS\System32\KERNEL32.DLL
0x00007ff853320000 - 0x00007ff853616000 	C:\WINDOWS\System32\KERNELBASE.dll
0x00007ff852fd0000 - 0x00007ff8530d0000 	C:\WINDOWS\System32\ucrtbase.dll
0x00007ff83c770000 - 0x00007ff83c788000 	E:\Program Files\Android\Android Studio\jbr\bin\jli.dll
0x00007ff84fc20000 - 0x00007ff84fc3b000 	E:\Program Files\Android\Android Studio\jbr\bin\VCRUNTIME140.dll
0x00007ff8540d0000 - 0x00007ff854271000 	C:\WINDOWS\System32\USER32.dll
0x00007ff852e40000 - 0x00007ff852e62000 	C:\WINDOWS\System32\win32u.dll
0x00007ff84a650000 - 0x00007ff84a8eb000 	C:\WINDOWS\WinSxS\amd64_microsoft.windows.common-controls_6595b64144ccf1df_6.0.19041.6456_none_60b8a6cb71f64256\COMCTL32.dll
0x00007ff854a30000 - 0x00007ff854ace000 	C:\WINDOWS\System32\msvcrt.dll
0x00007ff853e60000 - 0x00007ff853e8b000 	C:\WINDOWS\System32\GDI32.dll
0x00007ff852d20000 - 0x00007ff852e39000 	C:\WINDOWS\System32\gdi32full.dll
0x00007ff853280000 - 0x00007ff85331d000 	C:\WINDOWS\System32\msvcp_win.dll
0x00007ff854280000 - 0x00007ff8542af000 	C:\WINDOWS\System32\IMM32.DLL
0x00007ff8501d0000 - 0x00007ff8501dc000 	E:\Program Files\Android\Android Studio\jbr\bin\vcruntime140_1.dll
0x00007ff82de00000 - 0x00007ff82de8d000 	E:\Program Files\Android\Android Studio\jbr\bin\msvcp140.dll
0x00007ff8215d0000 - 0x00007ff822266000 	E:\Program Files\Android\Android Studio\jbr\bin\server\jvm.dll
0x00007ff853850000 - 0x00007ff853901000 	C:\WINDOWS\System32\ADVAPI32.dll
0x00007ff8554e0000 - 0x00007ff85557f000 	C:\WINDOWS\System32\sechost.dll
0x00007ff8546d0000 - 0x00007ff8547f0000 	C:\WINDOWS\System32\RPCRT4.dll
0x00007ff853250000 - 0x00007ff853277000 	C:\WINDOWS\System32\bcrypt.dll
0x00007ff855580000 - 0x00007ff8555eb000 	C:\WINDOWS\System32\WS2_32.dll
0x00007ff84b0b0000 - 0x00007ff84b0d7000 	C:\WINDOWS\SYSTEM32\WINMM.dll
0x00007ff852b80000 - 0x00007ff852bcb000 	C:\WINDOWS\SYSTEM32\POWRPROF.dll
0x00007ff84b0e0000 - 0x00007ff84b0ea000 	C:\WINDOWS\SYSTEM32\VERSION.dll
0x00007ff852b60000 - 0x00007ff852b72000 	C:\WINDOWS\SYSTEM32\UMPDC.dll
0x00007ff850bb0000 - 0x00007ff850bc2000 	C:\WINDOWS\SYSTEM32\kernel.appcore.dll
0x00007ff84fc10000 - 0x00007ff84fc1a000 	E:\Program Files\Android\Android Studio\jbr\bin\jimage.dll
0x00007ff83e170000 - 0x00007ff83e371000 	C:\WINDOWS\SYSTEM32\DBGHELP.DLL
0x00007ff838f50000 - 0x00007ff838f84000 	C:\WINDOWS\SYSTEM32\dbgcore.DLL
0x00007ff853620000 - 0x00007ff8536a2000 	C:\WINDOWS\System32\bcryptPrimitives.dll
0x00007ff83cc50000 - 0x00007ff83cc70000 	E:\Program Files\Android\Android Studio\jbr\bin\java.dll
0x00007ff83c2b0000 - 0x00007ff83c2c8000 	E:\Program Files\Android\Android Studio\jbr\bin\zip.dll
0x00007ff854ad0000 - 0x00007ff855240000 	C:\WINDOWS\System32\SHELL32.dll
0x00007ff850db0000 - 0x00007ff851555000 	C:\WINDOWS\SYSTEM32\windows.storage.dll
0x00007ff854310000 - 0x00007ff854664000 	C:\WINDOWS\System32\combase.dll
0x00007ff852670000 - 0x00007ff85269b000 	C:\WINDOWS\SYSTEM32\Wldp.dll
0x00007ff853e90000 - 0x00007ff853f5d000 	C:\WINDOWS\System32\OLEAUT32.dll
0x00007ff8547f0000 - 0x00007ff85489d000 	C:\WINDOWS\System32\SHCORE.dll
0x00007ff8548a0000 - 0x00007ff8548fb000 	C:\WINDOWS\System32\shlwapi.dll
0x00007ff852c50000 - 0x00007ff852c74000 	C:\WINDOWS\SYSTEM32\profapi.dll
0x00007ff84dba0000 - 0x00007ff84dbb0000 	E:\Program Files\Android\Android Studio\jbr\bin\net.dll
0x00007ff849af0000 - 0x00007ff849bfa000 	C:\WINDOWS\SYSTEM32\WINHTTP.dll
0x00007ff8523d0000 - 0x00007ff85243a000 	C:\WINDOWS\system32\mswsock.dll
0x00007ff83b840000 - 0x00007ff83b856000 	E:\Program Files\Android\Android Studio\jbr\bin\nio.dll
0x00007ff8525c0000 - 0x00007ff8525d8000 	C:\WINDOWS\SYSTEM32\CRYPTSP.dll
0x00007ff851cf0000 - 0x00007ff851d28000 	C:\WINDOWS\system32\rsaenh.dll
0x00007ff852c10000 - 0x00007ff852c3e000 	C:\WINDOWS\SYSTEM32\USERENV.dll
0x00007ff8525e0000 - 0x00007ff8525ec000 	C:\WINDOWS\SYSTEM32\CRYPTBASE.dll
0x00007ff8520b0000 - 0x00007ff8520eb000 	C:\WINDOWS\SYSTEM32\IPHLPAPI.DLL
0x00007ff8540c0000 - 0x00007ff8540c8000 	C:\WINDOWS\System32\NSI.dll
0x00007ff822ec0000 - 0x00007ff822ec7000 	C:\WINDOWS\system32\wshunix.dll
0x00007ff84c6d0000 - 0x00007ff84c6d9000 	E:\Program Files\Android\Android Studio\jbr\bin\extnet.dll

JVMTI agents: none

dbghelp: loaded successfully - version: 4.0.5 - missing functions: none
symbol engine: initialized successfully - sym options: 0x614 - pdb path: .;E:\Program Files\Android\Android Studio\jbr\bin;C:\WINDOWS\SYSTEM32;C:\WINDOWS\WinSxS\amd64_microsoft.windows.common-controls_6595b64144ccf1df_6.0.19041.6456_none_60b8a6cb71f64256;E:\Program Files\Android\Android Studio\jbr\bin\server

VM Arguments:
java_command: git4idea.http.GitAskPassApp Username for 'https://github.com': 
java_class_path (initial): E:/Program Files/Android/Android Studio/plugins/vcs-git/lib/git4idea-rt.jar;E:/Program Files/Android/Android Studio/lib/externalProcess-rt.jar
Launcher Type: SUN_STANDARD

[Global flags]
     intx CICompilerCount                          = 3                                         {product} {ergonomic}
     uint ConcGCThreads                            = 1                                         {product} {ergonomic}
     uint G1ConcRefinementThreads                  = 4                                         {product} {ergonomic}
   size_t G1HeapRegionSize                         = 1048576                                   {product} {ergonomic}
    uintx GCDrainStackTargetSize                   = 64                                        {product} {ergonomic}
   size_t InitialHeapSize                          = 134217728                                 {product} {ergonomic}
   size_t MarkStackSize                            = 4194304                                   {product} {ergonomic}
   size_t MaxHeapSize                              = 2134900736                                {product} {ergonomic}
   size_t MaxNewSize                               = 1280311296                                {product} {ergonomic}
   size_t MinHeapDeltaBytes                        = 1048576                                   {product} {ergonomic}
   size_t MinHeapSize                              = 8388608                                   {product} {ergonomic}
    uintx NonNMethodCodeHeapSize                   = 5832780                                {pd product} {ergonomic}
    uintx NonProfiledCodeHeapSize                  = 122912730                              {pd product} {ergonomic}
    uintx ProfiledCodeHeapSize                     = 122912730                              {pd product} {ergonomic}
    uintx ReservedCodeCacheSize                    = 251658240                              {pd product} {ergonomic}
     bool SegmentedCodeCache                       = true                                      {product} {ergonomic}
   size_t SoftMaxHeapSize                          = 2134900736                             {manageable} {ergonomic}
     bool UseCompressedOops                        = true                           {product lp64_product} {ergonomic}
     bool UseG1GC                                  = true                                      {product} {ergonomic}
     bool UseLargePagesIndividualAllocation        = false                                  {pd product} {ergonomic}

Logging:
Log output configuration:
 #0: stdout all=warning uptime,level,tags foldmultilines=false
 #1: stderr all=off uptime,level,tags foldmultilines=false

Environment Variables:
PATH=C:\Program Files\Git\mingw64\libexec\git-core;C:\Program Files\Git\mingw64\libexec\git-core;C:\Program Files\Git\mingw64\bin;C:\Program Files\Git\usr\bin;C:\Users\\bin;C:\Program Files\Python312\Scripts;C:\Program Files\Python312;C:\Program Files (x86)\Common Files\Oracle\Java\javapath;C:\Program Files (x86)\NVIDIA Corporation\PhysX\Common;C:\WINDOWS\system32;C:\WINDOWS;C:\WINDOWS\System32\Wbem;C:\WINDOWS\System32\WindowsPowerShell\v1.0;C:\Program Files\dotnet;C:\WINDOWS\System32\OpenSSH;C:\Program Files\Git\cmd;C:\Users\\AppData\Local\Programs\Python\Launcher;C:\Users\\AppData\Local\Microsoft\WindowsApps;C:\Program Files\JetBrains\PyCharm 2024.3.1\bin;C:\Program Files\JetBrains\PyCharm Community Edition 2024.3.1.1\bin
USERNAME=
DISPLAY=:0.0
LC_ALL=en_US.UTF-8
TERM=xterm-256color
TMPDIR=C:\Temp
OS=Windows_NT
PROCESSOR_IDENTIFIER=Intel64 Family 6 Model 60 Stepping 3, GenuineIntel
TMP=C:\Temp
TEMP=C:\Temp




Periodic native trim disabled

JNI global refs:
JNI global refs: 20, weak refs: 0

JNI global refs memory usage: 835, weak refs: 833

Process memory usage:
Resident Set Size: 85796K (1% of 8334108K total physical memory with 396696K free physical memory)

OOME stack traces (most recent first):
Classloader memory used:
Loader bootstrap                                                                       : 15254K
Loader jdk.internal.loader.ClassLoaders$PlatformClassLoader                            : 1808K
Loader jdk.internal.loader.ClassLoaders$AppClassLoader                                 : 25744B

---------------  S Y S T E M  ---------------

OS:
 Windows 10 , 64 bit Build 19041 (10.0.19041.5915)
OS uptime: 2 days 5:10 hours

CPU: total 4 (initial active 4) (4 cores per cpu, 1 threads per core) family 6 model 60 stepping 3 microcode 0x27, cx8, cmov, fxsr, mmx, sse, sse2, sse3, ssse3, sse4.1, sse4.2, popcnt, lzcnt, tsc, tscinvbit, avx, avx2, aes, erms, clmul, bmi1, bmi2, fma, vzeroupper, clflush, rdtscp, f16c
Processor Information for the first 4 processors :
  Max Mhz: 3101, Current Mhz: 3101, Mhz Limit: 3101

Memory: 4k page, system-wide physical 8138M (384M free)
TotalPageFile size 14233M (AvailPageFile size 10M)
current process WorkingSet (physical memory assigned to process): 83M, peak: 86M
current process commit charge ("private bytes"): 225M, peak: 229M

vm_info: OpenJDK 64-Bit Server VM (21.0.8+-14196175-b1038.72) for windows-amd64 JRE (21.0.8+-14196175-b1038.72), built on 2025-10-01T10:24:33Z by "builder" with MS VC++ 16.10 / 16.11 (VS2019)

END.
